[2024-12-30 20:26:43,271: INFO: main: >>>>>> stage Data Ingestion stage started <<<<<<]
[2024-12-30 20:26:43,278: INFO: common: yaml file: config\config.yaml loaded successfully]
[2024-12-30 20:26:43,284: INFO: common: yaml file: params.yaml loaded successfully]
[2024-12-30 20:26:43,286: INFO: common: created directory at: artifacts]
[2024-12-30 20:26:43,287: INFO: common: created directory at: artifacts\data_ingestion]
[2024-12-30 20:26:43,288: INFO: data_ingestion: Downloading data from https://drive.google.com/file/d/1vlhZ5c7abUKF8xXERIw6m9Te8fW7ohw3/view?usp=sharing into file artifacts\data_ingestion\data.zip]
[2024-12-30 20:27:36,683: INFO: data_ingestion: Downloaded data from https://drive.google.com/file/d/1vlhZ5c7abUKF8xXERIw6m9Te8fW7ohw3/view?usp=sharing into file artifacts\data_ingestion\data.zip]
[2024-12-30 20:27:38,611: INFO: data_ingestion: Extracted zip file to artifacts\data_ingestion]
[2024-12-30 20:27:38,612: INFO: main: >>>>>> stage Data Ingestion stage completed <<<<<<

x==========x]
[2024-12-30 20:27:38,615: INFO: main: *******************]
[2024-12-30 20:27:38,615: INFO: main: >>>>>> stage Prepare base model started <<<<<<]
[2024-12-30 20:27:38,621: INFO: common: yaml file: config\config.yaml loaded successfully]
[2024-12-30 20:27:38,626: INFO: common: yaml file: params.yaml loaded successfully]
[2024-12-30 20:27:38,628: INFO: common: created directory at: artifacts]
[2024-12-30 20:27:38,633: INFO: common: created directory at: artifacts/prepare_base_model]
[2024-12-30 20:27:40,149: WARNING: saving_utils: Compiled the loaded model, but the compiled metrics have yet to be built. `model.compile_metrics` will be empty until you train or evaluate the model.]
[2024-12-30 20:27:40,876: INFO: main: >>>>>> stage Prepare base model completed <<<<<<

x==========x]
[2024-12-30 20:27:40,880: INFO: main: *******************]
[2024-12-30 20:27:40,880: INFO: main: >>>>>> stage Training started <<<<<<]
[2024-12-30 20:27:40,887: INFO: common: yaml file: config\config.yaml loaded successfully]
[2024-12-30 20:27:40,893: INFO: common: yaml file: params.yaml loaded successfully]
[2024-12-30 20:27:40,895: INFO: common: created directory at: artifacts]
[2024-12-30 20:27:40,897: INFO: common: created directory at: artifacts\training]
[2024-12-30 20:29:30,245: INFO: main: >>>>>> stage Training completed <<<<<<

x==========x]
[2024-12-30 20:29:30,247: INFO: main: *******************]
[2024-12-30 20:29:30,248: INFO: main: >>>>>> stage Evaluation stage started <<<<<<]
[2024-12-30 20:29:30,257: INFO: common: yaml file: config\config.yaml loaded successfully]
[2024-12-30 20:29:30,267: INFO: common: yaml file: params.yaml loaded successfully]
[2024-12-30 20:29:30,273: INFO: common: created directory at: artifacts]
[2024-12-30 20:30:03,494: INFO: common: json file saved at: scores.json]
[2024-12-30 20:30:03,496: INFO: common: json file saved at: scores.json]
[2024-12-30 20:30:03,497: INFO: main: >>>>>> stage Evaluation stage completed <<<<<<

x==========x]
[2024-12-30 20:44:43,048: INFO: common: yaml file: config\config.yaml loaded successfully]
[2024-12-30 20:44:43,061: INFO: common: yaml file: params.yaml loaded successfully]
[2024-12-30 20:44:43,064: INFO: common: created directory at: artifacts]
[2024-12-30 20:44:43,065: INFO: common: created directory at: artifacts/prepare_base_model]
[2024-12-30 20:44:44,047: WARNING: saving_utils: Compiled the loaded model, but the compiled metrics have yet to be built. `model.compile_metrics` will be empty until you train or evaluate the model.]
[2024-12-30 20:57:12,364: INFO: main: >>>>>> stage Data Ingestion stage started <<<<<<]
[2024-12-30 20:57:12,375: INFO: common: yaml file: config\config.yaml loaded successfully]
[2024-12-30 20:57:12,376: INFO: common: yaml file: params.yaml loaded successfully]
[2024-12-30 20:57:12,377: INFO: common: created directory at: artifacts]
[2024-12-30 20:57:12,379: INFO: common: created directory at: artifacts\data_ingestion]
[2024-12-30 20:57:12,379: INFO: data_ingestion: Downloading data from https://drive.google.com/file/d/1vlhZ5c7abUKF8xXERIw6m9Te8fW7ohw3/view?usp=sharing into file artifacts\data_ingestion\data.zip]
[2024-12-30 20:58:03,970: INFO: data_ingestion: Downloaded data from https://drive.google.com/file/d/1vlhZ5c7abUKF8xXERIw6m9Te8fW7ohw3/view?usp=sharing into file artifacts\data_ingestion\data.zip]
[2024-12-30 20:58:05,079: INFO: data_ingestion: Extracted zip file to artifacts\data_ingestion]
[2024-12-30 20:58:05,080: INFO: main: >>>>>> stage Data Ingestion stage completed <<<<<<

x==========x]
[2024-12-30 20:58:05,080: INFO: main: *******************]
[2024-12-30 20:58:05,080: INFO: main: >>>>>> stage Prepare base model started <<<<<<]
[2024-12-30 20:58:05,083: INFO: common: yaml file: config\config.yaml loaded successfully]
[2024-12-30 20:58:05,085: INFO: common: yaml file: params.yaml loaded successfully]
[2024-12-30 20:58:05,086: INFO: common: created directory at: artifacts]
[2024-12-30 20:58:05,086: INFO: common: created directory at: artifacts/prepare_base_model]
[2024-12-30 20:58:05,859: WARNING: saving_utils: Compiled the loaded model, but the compiled metrics have yet to be built. `model.compile_metrics` will be empty until you train or evaluate the model.]
[2024-12-30 20:58:06,443: INFO: main: >>>>>> stage Prepare base model completed <<<<<<

x==========x]
[2024-12-30 20:58:06,444: INFO: main: *******************]
[2024-12-30 20:58:06,444: INFO: main: >>>>>> stage Training started <<<<<<]
[2024-12-30 20:58:06,446: INFO: common: yaml file: config\config.yaml loaded successfully]
[2024-12-30 20:58:06,447: INFO: common: yaml file: params.yaml loaded successfully]
[2024-12-30 20:58:06,447: INFO: common: created directory at: artifacts]
[2024-12-30 20:58:06,448: INFO: common: created directory at: artifacts\training]
[2024-12-30 20:59:30,750: INFO: main: >>>>>> stage Training completed <<<<<<

x==========x]
[2024-12-30 20:59:30,754: INFO: main: *******************]
[2024-12-30 20:59:30,754: INFO: main: >>>>>> stage Evaluation stage started <<<<<<]
[2024-12-30 20:59:30,763: INFO: common: yaml file: config\config.yaml loaded successfully]
[2024-12-30 20:59:30,770: INFO: common: yaml file: params.yaml loaded successfully]
[2024-12-30 20:59:30,772: INFO: common: created directory at: artifacts]
[2024-12-30 20:59:59,244: INFO: common: json file saved at: scores.json]
[2024-12-30 20:59:59,245: INFO: common: json file saved at: scores.json]
[2024-12-30 20:59:59,245: INFO: main: >>>>>> stage Evaluation stage completed <<<<<<

x==========x]
